<?xml version="1.0"?>
<Data cs="9ee877d6">
  <list id="data/models/char/npc/ng.xml">
    <u_int8 id="type">2</u_int8>
    <list id="unique">
      <string id="id">Player</string>
      <string id="p3d">[398, 322, 0]</string>
    </list>
  </list>
  <list id="data/models/map/ground/outside/long-grass-tile.xml">
    <u_int8 id="type">1</u_int8>
    <list id="anonym">
      <string id="p3d">[0, 80, 0]</string>
      <string id="p3d">[0, 140, 0]</string>
      <string id="p3d">[60, 80, 0]</string>
      <string id="p3d">[60, 140, 0]</string>
      <string id="p3d">[120, 80, 0]</string>
      <string id="p3d">[120, 140, 0]</string>
      <string id="p3d">[180, 80, 0]</string>
      <string id="p3d">[180, 140, 0]</string>
      <string id="p3d">[240, 80, 0]</string>
      <string id="p3d">[240, 140, 0]</string>
      <string id="p3d">[300, 80, 0]</string>
      <string id="p3d">[300, 140, 0]</string>
      <string id="p3d">[360, 80, 0]</string>
      <string id="p3d">[360, 140, 0]</string>
      <string id="p3d">[420, 80, 0]</string>
      <string id="p3d">[420, 140, 0]</string>
      <string id="p3d">[480, 80, 0]</string>
      <string id="p3d">[480, 140, 0]</string>
      <string id="p3d">[540, 80, 0]</string>
      <string id="p3d">[540, 140, 0]</string>
      <string id="p3d">[600, 80, 0]</string>
      <string id="p3d">[600, 140, 0]</string>
      <string id="p3d">[0, 260, 0]</string>
      <string id="p3d">[0, 320, 0]</string>
      <string id="p3d">[0, 380, 0]</string>
      <string id="p3d">[0, 440, 0]</string>
      <string id="p3d">[60, 260, 0]</string>
      <string id="p3d">[60, 320, 0]</string>
      <string id="p3d">[60, 380, 0]</string>
      <string id="p3d">[60, 440, 0]</string>
      <string id="p3d">[120, 260, 0]</string>
      <string id="p3d">[120, 320, 0]</string>
      <string id="p3d">[120, 380, 0]</string>
      <string id="p3d">[120, 440, 0]</string>
      <string id="p3d">[180, 260, 0]</string>
      <string id="p3d">[180, 320, 0]</string>
      <string id="p3d">[180, 380, 0]</string>
      <string id="p3d">[180, 440, 0]</string>
      <string id="p3d">[240, 260, 0]</string>
      <string id="p3d">[240, 320, 0]</string>
      <string id="p3d">[240, 380, 0]</string>
      <string id="p3d">[240, 440, 0]</string>
      <string id="p3d">[300, 260, 0]</string>
      <string id="p3d">[300, 320, 0]</string>
      <string id="p3d">[300, 380, 0]</string>
      <string id="p3d">[300, 440, 0]</string>
      <string id="p3d">[360, 260, 0]</string>
      <string id="p3d">[360, 320, 0]</string>
      <string id="p3d">[360, 380, 0]</string>
      <string id="p3d">[360, 440, 0]</string>
      <string id="p3d">[420, 260, 0]</string>
      <string id="p3d">[420, 320, 0]</string>
      <string id="p3d">[420, 380, 0]</string>
      <string id="p3d">[420, 440, 0]</string>
      <string id="p3d">[480, 260, 0]</string>
      <string id="p3d">[480, 320, 0]</string>
      <string id="p3d">[480, 380, 0]</string>
      <string id="p3d">[480, 440, 0]</string>
      <string id="p3d">[540, 260, 0]</string>
      <string id="p3d">[540, 320, 0]</string>
      <string id="p3d">[540, 380, 0]</string>
      <string id="p3d">[540, 440, 0]</string>
      <string id="p3d">[600, 260, 0]</string>
      <string id="p3d">[600, 320, 0]</string>
      <string id="p3d">[600, 380, 0]</string>
      <string id="p3d">[600, 440, 0]</string>
      <string id="p3d">[0, 200, 0]</string>
      <string id="p3d">[60, 200, 0]</string>
      <string id="p3d">[120, 200, 0]</string>
      <string id="p3d">[180, 200, 0]</string>
      <string id="p3d">[240, 200, 0]</string>
      <string id="p3d">[300, 200, 0]</string>
      <string id="p3d">[360, 200, 0]</string>
      <string id="p3d">[420, 200, 0]</string>
      <string id="p3d">[480, 200, 0]</string>
      <string id="p3d">[540, 200, 0]</string>
      <string id="p3d">[600, 200, 0]</string>
    </list>
  </list>
  <list id="data/models/map/ground/outside/short-grass-tile.xml">
    <u_int8 id="type">1</u_int8>
    <list id="anonym">
      <string id="p3d">[0, 0, 80]</string>
      <string id="p3d">[0, 40, 80]</string>
      <string id="p3d">[0, 80, 80]</string>
      <string id="p3d">[40, 0, 80]</string>
      <string id="p3d">[40, 40, 80]</string>
      <string id="p3d">[40, 80, 80]</string>
      <string id="p3d">[80, 0, 80]</string>
      <string id="p3d">[80, 40, 80]</string>
      <string id="p3d">[80, 80, 80]</string>
      <string id="p3d">[120, 0, 80]</string>
      <string id="p3d">[120, 40, 80]</string>
      <string id="p3d">[120, 80, 80]</string>
      <string id="p3d">[160, 0, 80]</string>
      <string id="p3d">[160, 40, 80]</string>
      <string id="p3d">[160, 80, 80]</string>
      <string id="p3d">[200, 0, 80]</string>
      <string id="p3d">[200, 40, 80]</string>
      <string id="p3d">[200, 80, 80]</string>
      <string id="p3d">[0, 120, 80]</string>
      <string id="p3d">[40, 120, 80]</string>
      <string id="p3d">[80, 120, 80]</string>
      <string id="p3d">[0, 160, 80]</string>
      <string id="p3d">[40, 160, 80]</string>
      <string id="p3d">[0, 200, 80]</string>
      <string id="p3d">[240, 0, 80]</string>
      <string id="p3d">[240, 40, 80]</string>
      <string id="p3d">[240, 80, 80]</string>
      <string id="p3d">[280, 0, 80]</string>
      <string id="p3d">[280, 40, 80]</string>
      <string id="p3d">[280, 80, 80]</string>
      <string id="p3d">[320, 0, 80]</string>
      <string id="p3d">[320, 40, 80]</string>
      <string id="p3d">[320, 80, 80]</string>
      <string id="p3d">[360, 0, 80]</string>
      <string id="p3d">[360, 40, 80]</string>
      <string id="p3d">[360, 80, 80]</string>
      <string id="p3d">[400, 0, 80]</string>
      <string id="p3d">[400, 40, 80]</string>
      <string id="p3d">[400, 80, 80]</string>
      <string id="p3d">[440, 0, 80]</string>
      <string id="p3d">[440, 40, 80]</string>
      <string id="p3d">[440, 80, 80]</string>
      <string id="p3d">[480, 0, 80]</string>
      <string id="p3d">[480, 40, 80]</string>
      <string id="p3d">[480, 80, 80]</string>
      <string id="p3d">[520, 0, 80]</string>
      <string id="p3d">[520, 40, 80]</string>
      <string id="p3d">[520, 80, 80]</string>
      <string id="p3d">[560, 0, 80]</string>
      <string id="p3d">[560, 40, 80]</string>
      <string id="p3d">[560, 80, 80]</string>
      <string id="p3d">[600, 0, 80]</string>
      <string id="p3d">[600, 40, 80]</string>
      <string id="p3d">[600, 80, 80]</string>
    </list>
  </list>
  <list id="data/models/map/ground/outside/wood-1.xml">
    <u_int8 id="type">1</u_int8>
    <list id="anonym">
      <string id="p3d">[120, 200, 0]</string>
      <string id="p3d">[400, 160, 40]</string>
      <string id="p3d">[400, 200, 40]</string>
      <string id="p3d">[440, 160, 40]</string>
      <string id="p3d">[440, 200, 40]</string>
      <string id="p3d">[280, 160, 80]</string>
      <string id="p3d">[280, 200, 80]</string>
      <string id="p3d">[320, 160, 80]</string>
      <string id="p3d">[320, 200, 80]</string>
      <string id="p3d">[80, 360, 0]</string>
      <string id="p3d">[100, 360, 5]</string>
      <string id="p3d">[120, 360, 10]</string>
      <string id="p3d">[140, 360, 15]</string>
      <string id="p3d">[160, 360, 20]</string>
      <string id="p3d">[180, 360, 25]</string>
      <string id="p3d">[200, 360, 30]</string>
      <string id="p3d">[280, 240, 80]</string>
      <string id="p3d">[320, 240, 80]</string>
      <string id="p3d">[240, 360, 40]</string>
      <string id="p3d">[260, 360, 45]</string>
      <string id="p3d">[280, 360, 50]</string>
      <string id="p3d">[300, 360, 55]</string>
      <string id="p3d">[320, 360, 60]</string>
      <string id="p3d">[220, 360, 35]</string>
    </list>
  </list>
  <list id="data/models/map/ground/outside/wood-pole-l.xml">
    <u_int8 id="type">1</u_int8>
    <list id="anonym">
      <string id="p3d">[400, 170, 0]</string>
      <string id="p3d">[280, 170, 0]</string>
      <string id="p3d">[280, 170, 40]</string>
      <string id="p3d">[400, 240, 0]</string>
      <string id="p3d">[280, 280, 0]</string>
      <string id="p3d">[280, 280, 40]</string>
    </list>
  </list>
  <list id="data/models/map/ground/outside/wood-pole-r.xml">
    <u_int8 id="type">1</u_int8>
    <list id="anonym">
      <string id="p3d">[470, 170, 0]</string>
      <string id="p3d">[350, 170, 0]</string>
      <string id="p3d">[350, 170, 40]</string>
      <string id="p3d">[470, 240, 0]</string>
      <string id="p3d">[350, 280, 0]</string>
      <string id="p3d">[350, 280, 40]</string>
    </list>
  </list>
  <list id="data/models/map/wall/outside/cliff-s.xml">
    <u_int8 id="type">1</u_int8>
    <list id="anonym">
      <string id="p3d">[160, 120, 0]</string>
      <string id="p3d">[240, 120, 0]</string>
      <string id="p3d">[320, 120, 0]</string>
      <string id="p3d">[400, 120, 0]</string>
      <string id="p3d">[480, 120, 0]</string>
      <string id="p3d">[560, 120, 0]</string>
    </list>
  </list>
  <list id="data/models/map/wall/outside/cliff-se-top.xml">
    <u_int8 id="type">1</u_int8>
    <list id="anonym">
      <string id="p3d">[80, 160, 80]</string>
      <string id="p3d">[120, 120, 80]</string>
      <string id="p3d">[0, 240, 80]</string>
      <string id="p3d">[40, 200, 80]</string>
    </list>
  </list>
  <list id="data/models/map/wall/outside/cliff-se.xml">
    <u_int8 id="type">1</u_int8>
    <list id="anonym">
      <string id="p3d">[40, 200, 0]</string>
      <string id="p3d">[80, 160, 0]</string>
      <string id="p3d">[120, 120, 0]</string>
      <string id="p3d">[0, 240, 0]</string>
    </list>
  </list>
</Data>
